Determining if the pthread_create exist failed with the following output:
Change Dir: /home/6im2/jpuech/Bureau/14dec/projetOpenGL_IMAC2/joliJeu-build/TP_template/CMakeFiles/CMakeTmp

Run Build Command:"/usr/bin/make" "cmTryCompileExec3097058280/fast"
/usr/bin/make -f CMakeFiles/cmTryCompileExec3097058280.dir/build.make CMakeFiles/cmTryCompileExec3097058280.dir/build
make[1]: Entering directory '/home/6im2/jpuech/Bureau/14dec/projetOpenGL_IMAC2/joliJeu-build/TP_template/CMakeFiles/CMakeTmp'
/usr/bin/cmake -E cmake_progress_report /home/6im2/jpuech/Bureau/14dec/projetOpenGL_IMAC2/joliJeu-build/TP_template/CMakeFiles/CMakeTmp/CMakeFiles 1
Building C object CMakeFiles/cmTryCompileExec3097058280.dir/CheckSymbolExists.c.o
/usr/bin/cc    -o CMakeFiles/cmTryCompileExec3097058280.dir/CheckSymbolExists.c.o   -c /home/6im2/jpuech/Bureau/14dec/projetOpenGL_IMAC2/joliJeu-build/TP_template/CMakeFiles/CMakeTmp/CheckSymbolExists.c
Linking C executable cmTryCompileExec3097058280
/usr/bin/cmake -E cmake_link_script CMakeFiles/cmTryCompileExec3097058280.dir/link.txt --verbose=1
/usr/bin/cc       CMakeFiles/cmTryCompileExec3097058280.dir/CheckSymbolExists.c.o  -o cmTryCompileExec3097058280 -rdynamic 
CMakeFiles/cmTryCompileExec3097058280.dir/CheckSymbolExists.c.o: dans la fonction « main »:
CheckSymbolExists.c:(.text+0x16): référence indéfinie vers « pthread_create »
collect2: error: ld returned 1 exit status
CMakeFiles/cmTryCompileExec3097058280.dir/build.make:88: recipe for target 'cmTryCompileExec3097058280' failed
make[1]: Leaving directory '/home/6im2/jpuech/Bureau/14dec/projetOpenGL_IMAC2/joliJeu-build/TP_template/CMakeFiles/CMakeTmp'
make[1]: *** [cmTryCompileExec3097058280] Error 1
Makefile:118: recipe for target 'cmTryCompileExec3097058280/fast' failed
make: *** [cmTryCompileExec3097058280/fast] Error 2

File /home/6im2/jpuech/Bureau/14dec/projetOpenGL_IMAC2/joliJeu-build/TP_template/CMakeFiles/CMakeTmp/CheckSymbolExists.c:
/* */
#include <pthread.h>

int main(int argc, char** argv)
{
  (void)argv;
#ifndef pthread_create
  return ((int*)(&pthread_create))[argc];
#else
  (void)argc;
  return 0;
#endif
}

Determining if the function pthread_create exists in the pthreads failed with the following output:
Change Dir: /home/6im2/jpuech/Bureau/14dec/projetOpenGL_IMAC2/joliJeu-build/TP_template/CMakeFiles/CMakeTmp

Run Build Command:"/usr/bin/make" "cmTryCompileExec3647531061/fast"
/usr/bin/make -f CMakeFiles/cmTryCompileExec3647531061.dir/build.make CMakeFiles/cmTryCompileExec3647531061.dir/build
make[1]: Entering directory '/home/6im2/jpuech/Bureau/14dec/projetOpenGL_IMAC2/joliJeu-build/TP_template/CMakeFiles/CMakeTmp'
/usr/bin/cmake -E cmake_progress_report /home/6im2/jpuech/Bureau/14dec/projetOpenGL_IMAC2/joliJeu-build/TP_template/CMakeFiles/CMakeTmp/CMakeFiles 1
Building C object CMakeFiles/cmTryCompileExec3647531061.dir/CheckFunctionExists.c.o
/usr/bin/cc   -DCHECK_FUNCTION_EXISTS=pthread_create   -o CMakeFiles/cmTryCompileExec3647531061.dir/CheckFunctionExists.c.o   -c /usr/share/cmake-3.0/Modules/CheckFunctionExists.c
Linking C executable cmTryCompileExec3647531061
/usr/bin/cmake -E cmake_link_script CMakeFiles/cmTryCompileExec3647531061.dir/link.txt --verbose=1
/usr/bin/cc   -DCHECK_FUNCTION_EXISTS=pthread_create    CMakeFiles/cmTryCompileExec3647531061.dir/CheckFunctionExists.c.o  -o cmTryCompileExec3647531061 -rdynamic -lpthreads 
/usr/bin/ld: ne peut trouver -lpthreads
collect2: error: ld returned 1 exit status
CMakeFiles/cmTryCompileExec3647531061.dir/build.make:88: recipe for target 'cmTryCompileExec3647531061' failed
make[1]: *** [cmTryCompileExec3647531061] Error 1
make[1]: Leaving directory '/home/6im2/jpuech/Bureau/14dec/projetOpenGL_IMAC2/joliJeu-build/TP_template/CMakeFiles/CMakeTmp'
Makefile:118: recipe for target 'cmTryCompileExec3647531061/fast' failed
make: *** [cmTryCompileExec3647531061/fast] Error 2


