Determining if the pthread_create exist failed with the following output:
Change Dir: /home/6im2/eritoux/Documents/SYNTESE_IMAGE/projetOpenGL_IMAC2/joliJeu-build/CMakeFiles/CMakeTmp

Run Build Command:"/usr/bin/make" "cmTryCompileExec796175016/fast"
/usr/bin/make -f CMakeFiles/cmTryCompileExec796175016.dir/build.make CMakeFiles/cmTryCompileExec796175016.dir/build
make[1]: Entering directory '/home/6im2/eritoux/Documents/SYNTESE_IMAGE/projetOpenGL_IMAC2/joliJeu-build/CMakeFiles/CMakeTmp'
/usr/bin/cmake -E cmake_progress_report /home/6im2/eritoux/Documents/SYNTESE_IMAGE/projetOpenGL_IMAC2/joliJeu-build/CMakeFiles/CMakeTmp/CMakeFiles 1
Building C object CMakeFiles/cmTryCompileExec796175016.dir/CheckSymbolExists.c.o
/usr/bin/cc    -o CMakeFiles/cmTryCompileExec796175016.dir/CheckSymbolExists.c.o   -c /home/6im2/eritoux/Documents/SYNTESE_IMAGE/projetOpenGL_IMAC2/joliJeu-build/CMakeFiles/CMakeTmp/CheckSymbolExists.c
Linking C executable cmTryCompileExec796175016
/usr/bin/cmake -E cmake_link_script CMakeFiles/cmTryCompileExec796175016.dir/link.txt --verbose=1
/usr/bin/cc       CMakeFiles/cmTryCompileExec796175016.dir/CheckSymbolExists.c.o  -o cmTryCompileExec796175016 -rdynamic 
CMakeFiles/cmTryCompileExec796175016.dir/CheckSymbolExists.c.o: dans la fonction « main »:
CheckSymbolExists.c:(.text+0x16): référence indéfinie vers « pthread_create »
collect2: error: ld returned 1 exit status
CMakeFiles/cmTryCompileExec796175016.dir/build.make:88: recipe for target 'cmTryCompileExec796175016' failed
make[1]: Leaving directory '/home/6im2/eritoux/Documents/SYNTESE_IMAGE/projetOpenGL_IMAC2/joliJeu-build/CMakeFiles/CMakeTmp'
make[1]: *** [cmTryCompileExec796175016] Error 1
Makefile:118: recipe for target 'cmTryCompileExec796175016/fast' failed
make: *** [cmTryCompileExec796175016/fast] Error 2

File /home/6im2/eritoux/Documents/SYNTESE_IMAGE/projetOpenGL_IMAC2/joliJeu-build/CMakeFiles/CMakeTmp/CheckSymbolExists.c:
/* */
#include <pthread.h>

int main(int argc, char** argv)
{
  (void)argv;
#ifndef pthread_create
  return ((int*)(&pthread_create))[argc];
#else
  (void)argc;
  return 0;
#endif
}

Determining if the function pthread_create exists in the pthreads failed with the following output:
Change Dir: /home/6im2/eritoux/Documents/SYNTESE_IMAGE/projetOpenGL_IMAC2/joliJeu-build/CMakeFiles/CMakeTmp

Run Build Command:"/usr/bin/make" "cmTryCompileExec3179946592/fast"
/usr/bin/make -f CMakeFiles/cmTryCompileExec3179946592.dir/build.make CMakeFiles/cmTryCompileExec3179946592.dir/build
make[1]: Entering directory '/home/6im2/eritoux/Documents/SYNTESE_IMAGE/projetOpenGL_IMAC2/joliJeu-build/CMakeFiles/CMakeTmp'
/usr/bin/cmake -E cmake_progress_report /home/6im2/eritoux/Documents/SYNTESE_IMAGE/projetOpenGL_IMAC2/joliJeu-build/CMakeFiles/CMakeTmp/CMakeFiles 1
Building C object CMakeFiles/cmTryCompileExec3179946592.dir/CheckFunctionExists.c.o
/usr/bin/cc   -DCHECK_FUNCTION_EXISTS=pthread_create   -o CMakeFiles/cmTryCompileExec3179946592.dir/CheckFunctionExists.c.o   -c /usr/share/cmake-3.0/Modules/CheckFunctionExists.c
Linking C executable cmTryCompileExec3179946592
/usr/bin/cmake -E cmake_link_script CMakeFiles/cmTryCompileExec3179946592.dir/link.txt --verbose=1
/usr/bin/cc   -DCHECK_FUNCTION_EXISTS=pthread_create    CMakeFiles/cmTryCompileExec3179946592.dir/CheckFunctionExists.c.o  -o cmTryCompileExec3179946592 -rdynamic -lpthreads 
/usr/bin/ld: ne peut trouver -lpthreads
collect2: error: ld returned 1 exit status
CMakeFiles/cmTryCompileExec3179946592.dir/build.make:88: recipe for target 'cmTryCompileExec3179946592' failed
make[1]: Leaving directory '/home/6im2/eritoux/Documents/SYNTESE_IMAGE/projetOpenGL_IMAC2/joliJeu-build/CMakeFiles/CMakeTmp'
make[1]: *** [cmTryCompileExec3179946592] Error 1
Makefile:118: recipe for target 'cmTryCompileExec3179946592/fast' failed
make: *** [cmTryCompileExec3179946592/fast] Error 2


